d:\repos\sdl_game\sdl-game\sdl-game\sdl-game\x64\debug\vc143.pdb
d:\repos\sdl_game\sdl-game\sdl-game\sdl-game\x64\debug\vc143.idb
d:\repos\sdl_game\sdl-game\sdl-game\sdl-game\x64\debug\cplayer.obj
d:\repos\sdl_game\sdl-game\sdl-game\sdl-game\x64\debug\cgame.obj
d:\repos\sdl_game\sdl-game\sdl-game\sdl-game\x64\debug\cenemy.obj
d:\repos\sdl_game\sdl-game\sdl-game\sdl-game\x64\debug\cmouseevents.obj
d:\repos\sdl_game\sdl-game\sdl-game\sdl-game\x64\debug\cinputhandler.obj
d:\repos\sdl_game\sdl-game\sdl-game\sdl-game\x64\debug\cmenustates.obj
d:\repos\sdl_game\sdl-game\sdl-game\sdl-game\x64\debug\cgamestatemachine.obj
d:\repos\sdl_game\sdl-game\sdl-game\sdl-game\x64\debug\cmenu.obj
d:\repos\sdl_game\sdl-game\sdl-game\sdl-game\x64\debug\cfonttexturemanager.obj
d:\repos\sdl_game\sdl-game\sdl-game\sdl-game\x64\debug\cpausestates.obj
d:\repos\sdl_game\sdl-game\sdl-game\sdl-game\x64\debug\cpausemenu.obj
d:\repos\sdl_game\sdl-game\sdl-game\sdl-game\x64\debug\cgameobjectfactory.obj
d:\repos\sdl_game\sdl-game\sdl-game\sdl-game\x64\debug\cstateparser.obj
d:\repos\sdl_game\sdl-game\sdl-game\sdl-game\x64\debug\cgamemap.obj
d:\repos\sdl_game\sdl-game\sdl-game\sdl-game\x64\debug\cstableobject.obj
d:\repos\sdl_game\sdl-game\sdl-game\sdl-game\x64\debug\ctilelayer.obj
d:\repos\sdl_game\sdl-game\sdl-game\sdl-game\x64\debug\cmapparser.obj
d:\repos\sdl_game\sdl-game\sdl-game\sdl-game\x64\debug\csoundmanager.obj
d:\repos\sdl_game\sdl-game\sdl-game\sdl-game\x64\debug\ctimer.obj
d:\repos\sdl_game\sdl-game\sdl-game\sdl-game\x64\debug\tinyxmlparser.obj
d:\repos\sdl_game\sdl-game\sdl-game\sdl-game\x64\debug\tinyxmlerror.obj
d:\repos\sdl_game\sdl-game\sdl-game\sdl-game\x64\debug\tinyxml.obj
d:\repos\sdl_game\sdl-game\sdl-game\sdl-game\x64\debug\tinystr.obj
d:\repos\sdl_game\sdl-game\sdl-game\sdl-game\x64\debug\ctexturemanager.obj
d:\repos\sdl_game\sdl-game\sdl-game\sdl-game\x64\debug\main.obj
d:\repos\sdl_game\sdl-game\sdl-game\sdl-game\x64\debug\cgameobject.obj
d:\repos\sdl_game\sdl-game\sdl-game\sdl-game\x64\debug\cloadparams.h.ifc
d:\repos\sdl_game\sdl-game\sdl-game\sdl-game\x64\debug\cloadparams.h.ifc.d.json
d:\repos\sdl_game\sdl-game\sdl-game\sdl-game\x64\debug\cloadparams.h.obj
d:\repos\sdl_game\sdl-game\sdl-game\sdl-game\x64\debug\sdl-game.ilk
d:\repos\sdl_game\sdl-game\sdl-game\x64\debug\sdl-game.exe
d:\repos\sdl_game\sdl-game\sdl-game\x64\debug\sdl-game.pdb
d:\repos\sdl_game\sdl-game\sdl-game\sdl-game\x64\debug\cloadparams.h.module.json
d:\repos\sdl_game\sdl-game\sdl-game\sdl-game\x64\debug\sdl-game.tlog\cl.command.1.tlog
d:\repos\sdl_game\sdl-game\sdl-game\sdl-game\x64\debug\sdl-game.tlog\cl.read.1.tlog
d:\repos\sdl_game\sdl-game\sdl-game\sdl-game\x64\debug\sdl-game.tlog\cl.write.1.tlog
d:\repos\sdl_game\sdl-game\sdl-game\sdl-game\x64\debug\sdl-game.tlog\link.command.1.tlog
d:\repos\sdl_game\sdl-game\sdl-game\sdl-game\x64\debug\sdl-game.tlog\link.read.1.tlog
d:\repos\sdl_game\sdl-game\sdl-game\sdl-game\x64\debug\sdl-game.tlog\link.write.1.tlog
d:\repos\sdl_game\sdl-game\sdl-game\sdl-game\x64\debug\sdl-game_md.tlog\cl.command.1.tlog
d:\repos\sdl_game\sdl-game\sdl-game\sdl-game\x64\debug\sdl-game_md.tlog\microsoft.build.cpptasks.cl.read.1.tlog
d:\repos\sdl_game\sdl-game\sdl-game\sdl-game\x64\debug\sdl-game_md.tlog\microsoft.build.cpptasks.cl.write.1.tlog
