  Scanning sources for module dependencies...
  CPlayer.cpp
D:\repos\SDL_Game\SDL-Game\SDL-Game\SDL-Game\Physics\Vector2D.h(10,30): warning C4244: 'return': conversion from 'double' to 'float', possible loss of data
D:\repos\SDL_Game\SDL-Game\SDL-Game\SDL-Game\Game Objects\CPlayer.h(18,46): warning C4244: '=': conversion from 'int' to 'float', possible loss of data
D:\repos\SDL_Game\SDL-Game\SDL-Game\SDL-Game\Game Objects\CPlayer.cpp(7,1): warning C4305: 'argument': truncation from 'double' to 'float'
D:\repos\SDL_Game\SDL-Game\SDL-Game\SDL-Game\Game Objects\CPlayer.cpp(42,24): warning C4244: 'argument': conversion from 'double' to 'float', possible loss of data
D:\repos\SDL_Game\SDL-Game\SDL-Game\SDL-Game\Game Objects\CPlayer.cpp(42,34): warning C4244: 'argument': conversion from 'double' to 'const float', possible loss of data
D:\repos\SDL_Game\SDL-Game\SDL-Game\SDL-Game\Game Objects\CPlayer.cpp(62,42): warning C4244: 'argument': conversion from 'double' to 'const float', possible loss of data
D:\repos\SDL_Game\SDL-Game\SDL-Game\SDL-Game\Game Objects\CPlayer.cpp(71,42): warning C4244: 'argument': conversion from 'double' to 'const float', possible loss of data
D:\repos\SDL_Game\SDL-Game\SDL-Game\SDL-Game\Game Objects\CPlayer.cpp(82,42): warning C4244: 'argument': conversion from 'double' to 'const float', possible loss of data
D:\repos\SDL_Game\SDL-Game\SDL-Game\SDL-Game\Game Objects\CPlayer.cpp(83,42): warning C4244: 'argument': conversion from 'double' to 'const float', possible loss of data
D:\repos\SDL_Game\SDL-Game\SDL-Game\SDL-Game\Game Objects\CPlayer.cpp(99,52): warning C4244: '=': conversion from 'double' to 'float', possible loss of data
D:\repos\SDL_Game\SDL-Game\SDL-Game\SDL-Game\Game Objects\CPlayer.cpp(100,40): warning C4244: '=': conversion from 'double' to 'float', possible loss of data
D:\repos\SDL_Game\SDL-Game\SDL-Game\SDL-Game\Game Objects\CPlayer.cpp(149,29): warning C4244: '=': conversion from 'double' to 'float', possible loss of data
D:\repos\SDL_Game\SDL-Game\SDL-Game\SDL-Game\Game Objects\CPlayer.cpp(156,29): warning C4244: '=': conversion from 'double' to 'float', possible loss of data
D:\repos\SDL_Game\SDL-Game\SDL-Game\SDL-Game\Game Objects\CPlayer.cpp(170,29): warning C4244: '=': conversion from 'double' to 'float', possible loss of data
D:\repos\SDL_Game\SDL-Game\SDL-Game\SDL-Game\Game Objects\CPlayer.cpp(176,29): warning C4244: '=': conversion from 'double' to 'float', possible loss of data
D:\repos\SDL_Game\SDL-Game\SDL-Game\SDL-Game\Game Objects\CPlayer.cpp(188,29): warning C4244: '=': conversion from 'double' to 'float', possible loss of data
D:\repos\SDL_Game\SDL-Game\SDL-Game\SDL-Game\Game Objects\CPlayer.cpp(193,29): warning C4244: '=': conversion from 'double' to 'float', possible loss of data
D:\repos\SDL_Game\SDL-Game\SDL-Game\SDL-Game\Core\CGame.h(45): warning C4715: 'CGame::Instance': not all control paths return a value
  SDL-Game.vcxproj -> D:\repos\SDL_Game\SDL-Game\SDL-Game\x64\Debug\SDL-Game.exe
  0 File(s) copied
